tol=1.0e-04, sigma=2.0, host=unkno, nav=4, nbrs=2, l_repulse=5.000, l_tspring=1.000, l_nspring=0.500, l_intensity=0.200, l_curv=1.000
mom=0.00, dt=0.50
complete_dist_mat 0
rms 0
smooth_averages 0
remove_neg 0
ico_order 0
which_surface 0
target_radius 0.000000
nfields 0
scale 0.000000
desired_rms_height 0.000000
momentum 0.000000
nbhd_size 0
max_nbrs 0
niterations 100
nsurfaces 0
SURFACES 3
flags 0 (0)
use curv 0
no sulc 0
no rigid align 0
mris->nsize 2
mris->hemisphere 0
randomSeed 0

000: dt: 0.0000, sse=883119.2, rms=7.243
001: dt: 0.5000, sse=529267.7, rms=4.627 (36.108%)
002: dt: 0.5000, sse=387629.9, rms=3.053 (34.031%)
003: dt: 0.5000, sse=342843.3, rms=2.307 (24.431%)
004: dt: 0.5000, sse=343168.4, rms=2.004 (13.146%)
005: dt: 0.2500, sse=320815.6, rms=1.807 (9.830%)
006: dt: 0.2500, sse=320397.1, rms=1.719 (4.829%)
007: dt: 0.2500, sse=314471.2, rms=1.639 (4.680%)
008: dt: 0.2500, sse=311531.9, rms=1.550 (5.399%)
009: dt: 0.2500, sse=310098.0, rms=1.471 (5.114%)
010: dt: 0.2500, sse=311429.2, rms=1.411 (4.098%)
011: dt: 0.1250, sse=307962.1, rms=1.386 (1.761%)
tol=1.0e-04, sigma=1.0, host=unkno, nav=2, nbrs=2, l_repulse=5.000, l_tspring=1.000, l_nspring=0.500, l_intensity=0.200, l_curv=1.000
mom=0.00, dt=0.50
000: dt: 0.0000, sse=576294.8, rms=4.896
012: dt: 0.5000, sse=450398.4, rms=3.508 (28.361%)
013: dt: 0.5000, sse=383822.0, rms=2.588 (26.213%)
014: dt: 0.5000, sse=352749.7, rms=2.007 (22.455%)
015: dt: 0.5000, sse=343654.3, rms=1.672 (16.677%)
016: dt: 0.5000, sse=334294.2, rms=1.513 (9.538%)
017: dt: 0.5000, sse=334247.8, rms=1.433 (5.275%)
018: dt: 0.5000, sse=329157.6, rms=1.418 (1.016%)
019: dt: 0.2500, sse=320651.2, rms=1.073 (24.369%)
020: dt: 0.2500, sse=321781.6, rms=1.037 (3.296%)
021: dt: 0.1250, sse=318937.0, rms=1.029 (0.779%)
tol=1.0e-04, sigma=0.5, host=unkno, nav=1, nbrs=2, l_repulse=5.000, l_tspring=1.000, l_nspring=0.500, l_intensity=0.200, l_curv=1.000
mom=0.00, dt=0.50
000: dt: 0.0000, sse=363192.0, rms=2.548
022: dt: 0.5000, sse=322870.2, rms=1.573 (38.256%)
023: dt: 0.5000, sse=325704.0, rms=1.236 (21.449%)
024: dt: 0.2500, sse=314007.2, rms=1.060 (14.179%)
025: dt: 0.2500, sse=309400.5, rms=0.992 (6.424%)
026: dt: 0.2500, sse=300797.8, rms=0.975 (1.733%)
027: dt: 0.1250, sse=300795.8, rms=0.964 (1.163%)
tol=1.0e-04, sigma=0.2, host=unkno, nav=0, nbrs=2, l_repulse=5.000, l_tspring=1.000, l_nspring=0.500, l_intensity=0.200, l_curv=1.000
mom=0.00, dt=0.50
000: dt: 0.0000, sse=303146.4, rms=1.197
028: dt: 0.5000, sse=295540.2, rms=0.828 (30.795%)
029: dt: 0.2500, sse=293815.4, rms=0.789 (4.776%)
030: dt: 0.1250, sse=293675.4, rms=0.781 (0.955%)
